# JRE version: Java(TM) SE Runtime Environment (7.0_79-b15) (build 1.7.0_79-b15)
# Java VM: Java HotSpot(TM) 64-Bit Server VM (24.79-b02 mixed mode windows-amd64 compressed oops)
Heap
 def new generation   total 49536K, used 21015K [0x000000009d600000, 0x00000000a0bc0000, 0x00000000bc8a0000)
  eden space 44032K,  47% used [0x000000009d600000, 0x000000009ea85d10, 0x00000000a0100000)
  from space 5504K,   0% used [0x00000000a0100000, 0x00000000a0100000, 0x00000000a0660000)
  to   space 5504K,   0% used [0x00000000a0660000, 0x00000000a0660000, 0x00000000a0bc0000)
 tenured generation   total 109976K, used 65983K [0x00000000bc8a0000, 0x00000000c3406000, 0x00000000fae00000)
   the space 109976K,  59% used [0x00000000bc8a0000, 0x00000000c090fff8, 0x00000000c0910000, 0x00000000c3406000)
 compacting perm gen  total 21248K, used 5982K [0x00000000fae00000, 0x00000000fc2c0000, 0x0000000100000000)
   the space 21248K,  28% used [0x00000000fae00000, 0x00000000fb3d79c0, 0x00000000fb3d7a00, 0x00000000fc2c0000)
GC Heap History (10 events):
Event: 25.132 GC heap before
{Heap before GC invocations=10 (full 0):
 def new generation   total 28736K, used 28736K [0x000000009d600000, 0x000000009f520000, 0x00000000bc8a0000)
  eden space 25600K, 100% used [0x000000009d600000, 0x000000009ef00000, 0x000000009ef00000)
  from space 3136K, 100% used [0x000000009ef00000, 0x000000009f210000, 0x000000009f210000)
  to   space 3136K,   0% used [0x000000009f210000, 0x000000009f210000, 0x000000009f520000)
 tenured generation   total 63872K, used 45063K [0x00000000bc8a0000, 0x00000000c0700000, 0x00000000fae00000)
   the space 63872K,  70% used [0x00000000bc8a0000, 0x00000000bf4a1e28, 0x00000000bf4a2000, 0x00000000c0700000)
 compacting perm gen  total 21248K, used 5923K [0x00000000fae00000, 0x00000000fc2c0000, 0x0000000100000000)
   the space 21248K,  27% used [0x00000000fae00000, 0x00000000fb3c8e10, 0x00000000fb3c9000, 0x00000000fc2c0000)
No shared spaces configured.
Event: 25.167 GC heap after
Heap after GC invocations=11 (full 0):
 def new generation   total 28736K, used 3136K [0x000000009d600000, 0x000000009f520000, 0x00000000bc8a0000)
  eden space 25600K,   0% used [0x000000009d600000, 0x000000009d600000, 0x000000009ef00000)
  from space 3136K, 100% used [0x000000009f210000, 0x000000009f520000, 0x000000009f520000)
  to   space 3136K,   0% used [0x000000009ef00000, 0x000000009ef00000, 0x000000009f210000)
 tenured generation   total 63872K, used 49326K [0x00000000bc8a0000, 0x00000000c0700000, 0x00000000fae00000)
   the space 63872K,  77% used [0x00000000bc8a0000, 0x00000000bf8cb980, 0x00000000bf8cba00, 0x00000000c0700000)
 compacting perm gen  total 21248K, used 5923K [0x00000000fae00000, 0x00000000fc2c0000, 0x0000000100000000)
   the space 21248K,  27% used [0x00000000fae00000, 0x00000000fb3c8e10, 0x00000000fb3c9000, 0x00000000fc2c0000)
No shared spaces configured.
}
Event: 27.177 GC heap before
{Heap before GC invocations=11 (full 0):
 def new generation   total 28736K, used 28736K [0x000000009d600000, 0x000000009f520000, 0x00000000bc8a0000)
  eden space 25600K, 100% used [0x000000009d600000, 0x000000009ef00000, 0x000000009ef00000)
  from space 3136K, 100% used [0x000000009f210000, 0x000000009f520000, 0x000000009f520000)
  to   space 3136K,   0% used [0x000000009ef00000, 0x000000009ef00000, 0x000000009f210000)
 tenured generation   total 63872K, used 49326K [0x00000000bc8a0000, 0x00000000c0700000, 0x00000000fae00000)
   the space 63872K,  77% used [0x00000000bc8a0000, 0x00000000bf8cb980, 0x00000000bf8cba00, 0x00000000c0700000)
 compacting perm gen  total 21248K, used 5955K [0x00000000fae00000, 0x00000000fc2c0000, 0x0000000100000000)
   the space 21248K,  28% used [0x00000000fae00000, 0x00000000fb3d0e90, 0x00000000fb3d1000, 0x00000000fc2c0000)
No shared spaces configured.
Event: 27.214 GC heap after
Heap after GC invocations=12 (full 0):
 def new generation   total 28736K, used 3136K [0x000000009d600000, 0x000000009f520000, 0x00000000bc8a0000)
  eden space 25600K,   0% used [0x000000009d600000, 0x000000009d600000, 0x000000009ef00000)
  from space 3136K, 100% used [0x000000009ef00000, 0x000000009f210000, 0x000000009f210000)
  to   space 3136K,   0% used [0x000000009f210000, 0x000000009f210000, 0x000000009f520000)
 tenured generation   total 63872K, used 53731K [0x00000000bc8a0000, 0x00000000c0700000, 0x00000000fae00000)
   the space 63872K,  84% used [0x00000000bc8a0000, 0x00000000bfd18ef0, 0x00000000bfd19000, 0x00000000c0700000)
 compacting perm gen  total 21248K, used 5955K [0x00000000fae00000, 0x00000000fc2c0000, 0x0000000100000000)
   the space 21248K,  28% used [0x00000000fae00000, 0x00000000fb3d0e90, 0x00000000fb3d1000, 0x00000000fc2c0000)
No shared spaces configured.
}
Event: 27.852 GC heap before
{Heap before GC invocations=12 (full 0):
 def new generation   total 28736K, used 28736K [0x000000009d600000, 0x000000009f520000, 0x00000000bc8a0000)
  eden space 25600K, 100% used [0x000000009d600000, 0x000000009ef00000, 0x000000009ef00000)
  from space 3136K, 100% used [0x000000009ef00000, 0x000000009f210000, 0x000000009f210000)
  to   space 3136K,   0% used [0x000000009f210000, 0x000000009f210000, 0x000000009f520000)
 tenured generation   total 63872K, used 53731K [0x00000000bc8a0000, 0x00000000c0700000, 0x00000000fae00000)
   the space 63872K,  84% used [0x00000000bc8a0000, 0x00000000bfd18ef0, 0x00000000bfd19000, 0x00000000c0700000)
 compacting perm gen  total 21248K, used 5962K [0x00000000fae00000, 0x00000000fc2c0000, 0x0000000100000000)
   the space 21248K,  28% used [0x00000000fae00000, 0x00000000fb3d2ab0, 0x00000000fb3d2c00, 0x00000000fc2c0000)
No shared spaces configured.
Event: 27.883 GC heap after
Heap after GC invocations=13 (full 0):
 def new generation   total 28736K, used 3136K [0x000000009d600000, 0x000000009f520000, 0x00000000bc8a0000)
  eden space 25600K,   0% used [0x000000009d600000, 0x000000009d600000, 0x000000009ef00000)
  from space 3136K, 100% used [0x000000009f210000, 0x000000009f520000, 0x000000009f520000)
  to   space 3136K,   0% used [0x000000009ef00000, 0x000000009ef00000, 0x000000009f210000)
 tenured generation   total 63872K, used 57591K [0x00000000bc8a0000, 0x00000000c0700000, 0x00000000fae00000)
   the space 63872K,  90% used [0x00000000bc8a0000, 0x00000000c00dddb8, 0x00000000c00dde00, 0x00000000c0700000)
 compacting perm gen  total 21248K, used 5962K [0x00000000fae00000, 0x00000000fc2c0000, 0x0000000100000000)
   the space 21248K,  28% used [0x00000000fae00000, 0x00000000fb3d2ab0, 0x00000000fb3d2c00, 0x00000000fc2c0000)
No shared spaces configured.
}
Event: 29.122 GC heap before
{Heap before GC invocations=13 (full 0):
 def new generation   total 28736K, used 28736K [0x000000009d600000, 0x000000009f520000, 0x00000000bc8a0000)
  eden space 25600K, 100% used [0x000000009d600000, 0x000000009ef00000, 0x000000009ef00000)
  from space 3136K, 100% used [0x000000009f210000, 0x000000009f520000, 0x000000009f520000)
  to   space 3136K,   0% used [0x000000009ef00000, 0x000000009ef00000, 0x000000009f210000)
 tenured generation   total 63872K, used 57591K [0x00000000bc8a0000, 0x00000000c0700000, 0x00000000fae00000)
   the space 63872K,  90% used [0x00000000bc8a0000, 0x00000000c00dddb8, 0x00000000c00dde00, 0x00000000c0700000)
 compacting perm gen  total 21248K, used 5967K [0x00000000fae00000, 0x00000000fc2c0000, 0x0000000100000000)
   the space 21248K,  28% used [0x00000000fae00000, 0x00000000fb3d3dc0, 0x00000000fb3d3e00, 0x00000000fc2c0000)
No shared spaces configured.
Event: 29.157 GC heap after
Heap after GC invocations=14 (full 0):
 def new generation   total 28736K, used 3136K [0x000000009d600000, 0x000000009f520000, 0x00000000bc8a0000)
  eden space 25600K,   0% used [0x000000009d600000, 0x000000009d600000, 0x000000009ef00000)
  from space 3136K, 100% used [0x000000009ef00000, 0x000000009f210000, 0x000000009f210000)
  to   space 3136K,   0% used [0x000000009f210000, 0x000000009f210000, 0x000000009f520000)
 tenured generation   total 63872K, used 61800K [0x00000000bc8a0000, 0x00000000c0700000, 0x00000000fae00000)
   the space 63872K,  96% used [0x00000000bc8a0000, 0x00000000c04fa268, 0x00000000c04fa400, 0x00000000c0700000)
 compacting perm gen  total 21248K, used 5967K [0x00000000fae00000, 0x00000000fc2c0000, 0x0000000100000000)
   the space 21248K,  28% used [0x00000000fae00000, 0x00000000fb3d3dc0, 0x00000000fb3d3e00, 0x00000000fc2c0000)
No shared spaces configured.
}
Event: 29.850 GC heap before
{Heap before GC invocations=14 (full 0):
 def new generation   total 28736K, used 28736K [0x000000009d600000, 0x000000009f520000, 0x00000000bc8a0000)
  eden space 25600K, 100% used [0x000000009d600000, 0x000000009ef00000, 0x000000009ef00000)
  from space 3136K, 100% used [0x000000009ef00000, 0x000000009f210000, 0x000000009f210000)
  to   space 3136K,   0% used [0x000000009f210000, 0x000000009f210000, 0x000000009f520000)
 tenured generation   total 63872K, used 61800K [0x00000000bc8a0000, 0x00000000c0700000, 0x00000000fae00000)
   the space 63872K,  96% used [0x00000000bc8a0000, 0x00000000c04fa268, 0x00000000c04fa400, 0x00000000c0700000)
 compacting perm gen  total 21248K, used 5973K [0x00000000fae00000, 0x00000000fc2c0000, 0x0000000100000000)
   the space 21248K,  28% used [0x00000000fae00000, 0x00000000fb3d5728, 0x00000000fb3d5800, 0x00000000fc2c0000)
No shared spaces configured.
Event: 30.163 GC heap after
Heap after GC invocations=15 (full 1):
 def new generation   total 49536K, used 3050K [0x000000009d600000, 0x00000000a0bc0000, 0x00000000bc8a0000)
  eden space 44032K,   6% used [0x000000009d600000, 0x000000009d8faa20, 0x00000000a0100000)
  from space 5504K,   0% used [0x00000000a0100000, 0x00000000a0100000, 0x00000000a0660000)
  to   space 5504K,   0% used [0x00000000a0660000, 0x00000000a0660000, 0x00000000a0bc0000)
 tenured generation   total 109976K, used 65983K [0x00000000bc8a0000, 0x00000000c3406000, 0x00000000fae00000)
   the space 109976K,  59% used [0x00000000bc8a0000, 0x00000000c090fff8, 0x00000000c0910000, 0x00000000c3406000)
 compacting perm gen  total 21248K, used 5973K [0x00000000fae00000, 0x00000000fc2c0000, 0x0000000100000000)
   the space 21248K,  28% used [0x00000000fae00000, 0x00000000fb3d5728, 0x00000000fb3d5800, 0x00000000fc2c0000)
No shared spaces configured.
}

