# JRE version: Java(TM) SE Runtime Environment (7.0_79-b15) (build 1.7.0_79-b15)
# Java VM: Java HotSpot(TM) 64-Bit Server VM (24.79-b02 mixed mode windows-amd64 compressed oops)
Heap
 def new generation   total 28736K, used 28736K [0x000000009d600000, 0x000000009f520000, 0x00000000bc8a0000)
  eden space 25600K, 100% used [0x000000009d600000, 0x000000009ef00000, 0x000000009ef00000)
  from space 3136K, 100% used [0x000000009f210000, 0x000000009f520000, 0x000000009f520000)
  to   space 3136K,  17% used [0x000000009ef00000, 0x000000009ef8a430, 0x000000009f210000)
 tenured generation   total 63872K, used 15704K [0x00000000bc8a0000, 0x00000000c0700000, 0x00000000fae00000)
   the space 63872K,  24% used [0x00000000bc8a0000, 0x00000000bd7f6088, 0x00000000bd7f6200, 0x00000000c0700000)
 compacting perm gen  total 21248K, used 5278K [0x00000000fae00000, 0x00000000fc2c0000, 0x0000000100000000)
   the space 21248K,  24% used [0x00000000fae00000, 0x00000000fb327be0, 0x00000000fb327c00, 0x00000000fc2c0000)
GC Heap History (7 events):
Event: 5.034 GC heap before
{Heap before GC invocations=0 (full 0):
 def new generation   total 28736K, used 25600K [0x000000009d600000, 0x000000009f520000, 0x00000000bc8a0000)
  eden space 25600K, 100% used [0x000000009d600000, 0x000000009ef00000, 0x000000009ef00000)
  from space 3136K,   0% used [0x000000009ef00000, 0x000000009ef00000, 0x000000009f210000)
  to   space 3136K,   0% used [0x000000009f210000, 0x000000009f210000, 0x000000009f520000)
 tenured generation   total 63872K, used 0K [0x00000000bc8a0000, 0x00000000c0700000, 0x00000000fae00000)
   the space 63872K,   0% used [0x00000000bc8a0000, 0x00000000bc8a0000, 0x00000000bc8a0200, 0x00000000c0700000)
 compacting perm gen  total 21248K, used 5188K [0x00000000fae00000, 0x00000000fc2c0000, 0x0000000100000000)
   the space 21248K,  24% used [0x00000000fae00000, 0x00000000fb3112c8, 0x00000000fb311400, 0x00000000fc2c0000)
No shared spaces configured.
Event: 5.068 GC heap after
Heap after GC invocations=1 (full 0):
 def new generation   total 28736K, used 3136K [0x000000009d600000, 0x000000009f520000, 0x00000000bc8a0000)
  eden space 25600K,   0% used [0x000000009d600000, 0x000000009d600000, 0x000000009ef00000)
  from space 3136K, 100% used [0x000000009f210000, 0x000000009f520000, 0x000000009f520000)
  to   space 3136K,   0% used [0x000000009ef00000, 0x000000009ef00000, 0x000000009f210000)
 tenured generation   total 63872K, used 3470K [0x00000000bc8a0000, 0x00000000c0700000, 0x00000000fae00000)
   the space 63872K,   5% used [0x00000000bc8a0000, 0x00000000bcc03908, 0x00000000bcc03a00, 0x00000000c0700000)
 compacting perm gen  total 21248K, used 5188K [0x00000000fae00000, 0x00000000fc2c0000, 0x0000000100000000)
   the space 21248K,  24% used [0x00000000fae00000, 0x00000000fb3112c8, 0x00000000fb311400, 0x00000000fc2c0000)
No shared spaces configured.
}
Event: 7.038 GC heap before
{Heap before GC invocations=1 (full 0):
 def new generation   total 28736K, used 28736K [0x000000009d600000, 0x000000009f520000, 0x00000000bc8a0000)
  eden space 25600K, 100% used [0x000000009d600000, 0x000000009ef00000, 0x000000009ef00000)
  from space 3136K, 100% used [0x000000009f210000, 0x000000009f520000, 0x000000009f520000)
  to   space 3136K,   0% used [0x000000009ef00000, 0x000000009ef00000, 0x000000009f210000)
 tenured generation   total 63872K, used 3470K [0x00000000bc8a0000, 0x00000000c0700000, 0x00000000fae00000)
   the space 63872K,   5% used [0x00000000bc8a0000, 0x00000000bcc03908, 0x00000000bcc03a00, 0x00000000c0700000)
 compacting perm gen  total 21248K, used 5266K [0x00000000fae00000, 0x00000000fc2c0000, 0x0000000100000000)
   the space 21248K,  24% used [0x00000000fae00000, 0x00000000fb324b50, 0x00000000fb324c00, 0x00000000fc2c0000)
No shared spaces configured.
Event: 7.082 GC heap after
Heap after GC invocations=2 (full 0):
 def new generation   total 28736K, used 3136K [0x000000009d600000, 0x000000009f520000, 0x00000000bc8a0000)
  eden space 25600K,   0% used [0x000000009d600000, 0x000000009d600000, 0x000000009ef00000)
  from space 3136K, 100% used [0x000000009ef00000, 0x000000009f210000, 0x000000009f210000)
  to   space 3136K,   0% used [0x000000009f210000, 0x000000009f210000, 0x000000009f520000)
 tenured generation   total 63872K, used 8522K [0x00000000bc8a0000, 0x00000000c0700000, 0x00000000fae00000)
   the space 63872K,  13% used [0x00000000bc8a0000, 0x00000000bd0f2a28, 0x00000000bd0f2c00, 0x00000000c0700000)
 compacting perm gen  total 21248K, used 5266K [0x00000000fae00000, 0x00000000fc2c0000, 0x0000000100000000)
   the space 21248K,  24% used [0x00000000fae00000, 0x00000000fb324b50, 0x00000000fb324c00, 0x00000000fc2c0000)
No shared spaces configured.
}
Event: 8.561 GC heap before
{Heap before GC invocations=2 (full 0):
 def new generation   total 28736K, used 28736K [0x000000009d600000, 0x000000009f520000, 0x00000000bc8a0000)
  eden space 25600K, 100% used [0x000000009d600000, 0x000000009ef00000, 0x000000009ef00000)
  from space 3136K, 100% used [0x000000009ef00000, 0x000000009f210000, 0x000000009f210000)
  to   space 3136K,   0% used [0x000000009f210000, 0x000000009f210000, 0x000000009f520000)
 tenured generation   total 63872K, used 8522K [0x00000000bc8a0000, 0x00000000c0700000, 0x00000000fae00000)
   the space 63872K,  13% used [0x00000000bc8a0000, 0x00000000bd0f2a28, 0x00000000bd0f2c00, 0x00000000c0700000)
 compacting perm gen  total 21248K, used 5273K [0x00000000fae00000, 0x00000000fc2c0000, 0x0000000100000000)
   the space 21248K,  24% used [0x00000000fae00000, 0x00000000fb326718, 0x00000000fb326800, 0x00000000fc2c0000)
No shared spaces configured.
Event: 8.601 GC heap after
Heap after GC invocations=3 (full 0):
 def new generation   total 28736K, used 3136K [0x000000009d600000, 0x000000009f520000, 0x00000000bc8a0000)
  eden space 25600K,   0% used [0x000000009d600000, 0x000000009d600000, 0x000000009ef00000)
  from space 3136K, 100% used [0x000000009f210000, 0x000000009f520000, 0x000000009f520000)
  to   space 3136K,   0% used [0x000000009ef00000, 0x000000009ef00000, 0x000000009f210000)
 tenured generation   total 63872K, used 14146K [0x00000000bc8a0000, 0x00000000c0700000, 0x00000000fae00000)
   the space 63872K,  22% used [0x00000000bc8a0000, 0x00000000bd670af0, 0x00000000bd670c00, 0x00000000c0700000)
 compacting perm gen  total 21248K, used 5273K [0x00000000fae00000, 0x00000000fc2c0000, 0x0000000100000000)
   the space 21248K,  24% used [0x00000000fae00000, 0x00000000fb326718, 0x00000000fb326800, 0x00000000fc2c0000)
No shared spaces configured.
}
Event: 8.979 GC heap before
{Heap before GC invocations=3 (full 0):
 def new generation   total 28736K, used 28736K [0x000000009d600000, 0x000000009f520000, 0x00000000bc8a0000)
  eden space 25600K, 100% used [0x000000009d600000, 0x000000009ef00000, 0x000000009ef00000)
  from space 3136K, 100% used [0x000000009f210000, 0x000000009f520000, 0x000000009f520000)
  to   space 3136K,   0% used [0x000000009ef00000, 0x000000009ef00000, 0x000000009f210000)
 tenured generation   total 63872K, used 14146K [0x00000000bc8a0000, 0x00000000c0700000, 0x00000000fae00000)
   the space 63872K,  22% used [0x00000000bc8a0000, 0x00000000bd670af0, 0x00000000bd670c00, 0x00000000c0700000)
 compacting perm gen  total 21248K, used 5278K [0x00000000fae00000, 0x00000000fc2c0000, 0x0000000100000000)
   the space 21248K,  24% used [0x00000000fae00000, 0x00000000fb327be0, 0x00000000fb327c00, 0x00000000fc2c0000)
No shared spaces configured.

